[debug] [2023-07-15T11:24:00.041Z] ----------------------------------------------------------------------
[debug] [2023-07-15T11:24:00.045Z] Command:       C:\Program Files\nodejs\node.exe C:\Users\ASHU\AppData\Roaming\npm\node_modules\firebase-tools\lib\bin\firebase.js init
[debug] [2023-07-15T11:24:00.046Z] CLI Version:   12.4.4
[debug] [2023-07-15T11:24:00.047Z] Platform:      win32
[debug] [2023-07-15T11:24:00.047Z] Node Version:  v18.16.0
[debug] [2023-07-15T11:24:00.049Z] Time:          Sat Jul 15 2023 16:54:00 GMT+0530 (India Standard Time)
[debug] [2023-07-15T11:24:00.050Z] ----------------------------------------------------------------------
[debug] 
[debug] [2023-07-15T11:24:00.065Z] > command requires scopes: ["email","openid","https://www.googleapis.com/auth/cloudplatformprojects.readonly","https://www.googleapis.com/auth/firebase","https://www.googleapis.com/auth/cloud-platform"]
[debug] [2023-07-15T11:24:00.066Z] > authorizing via signed-in user (ashishchaudhari1857@gmail.com)
[info] 
     ######## #### ########  ######## ########     ###     ######  ########
     ##        ##  ##     ## ##       ##     ##  ##   ##  ##       ##
     ######    ##  ########  ######   ########  #########  ######  ######
     ##        ##  ##    ##  ##       ##     ## ##     ##       ## ##
     ##       #### ##     ## ######## ########  ##     ##  ######  ########

You're about to initialize a Firebase project in this directory:

  C:\Users\ASHU\Desktop\react projects\mail-box

[info] 
=== Project Setup
[info] 
[info] First, let's associate this project directory with a Firebase project.
[info] You can create multiple project aliases by running firebase use --add, 
[info] but for now we'll just set up a default project.
[info] 
[debug] [2023-07-15T11:24:10.664Z] >>> [apiv2][query] GET https://firebase.googleapis.com/v1beta1/projects pageSize=100
[debug] [2023-07-15T11:24:12.077Z] <<< [apiv2][status] GET https://firebase.googleapis.com/v1beta1/projects 200
[debug] [2023-07-15T11:24:12.078Z] <<< [apiv2][body] GET https://firebase.googleapis.com/v1beta1/projects [omitted]
[info] i  Using project mailbox-df3f9 (MailBox) 
[info] 
=== Hosting Setup
[info] 
[info] Your public directory is the folder (relative to your project directory) that
[info] will contain Hosting assets to be uploaded with firebase deploy. If you
[info] have a build process for your assets, use your build's output directory.
[info] 
[debug] [2023-07-15T11:26:41.419Z] >>> [apiv2][query] GET https://www.gstatic.com/firebasejs/releases.json [none]
[debug] [2023-07-15T11:26:41.882Z] <<< [apiv2][status] GET https://www.gstatic.com/firebasejs/releases.json 200
[debug] [2023-07-15T11:26:41.886Z] <<< [apiv2][body] GET https://www.gstatic.com/firebasejs/releases.json {"current":{"version":"10.0.0","browserURL":"https://www.gstatic.com/firebasejs/10.0.0/firebase.js","packageURL":"https://www.gstatic.com/firebasejs/10.0.0/firebase.tgz"},"live":{"version":"10.0","browserURL":"https://www.gstatic.com/firebasejs/live/10.0/firebase.js","packageURL":"https://www.gstatic.com/firebasejs/live/10.0/firebase.tgz"},"components":{"analytics":"https://www.gstatic.com/firebasejs/10.0.0/firebase-analytics.js","app":"https://www.gstatic.com/firebasejs/10.0.0/firebase-app.js","app-check":"https://www.gstatic.com/firebasejs/10.0.0/firebase-app-check.js","auth":"https://www.gstatic.com/firebasejs/10.0.0/firebase-auth.js","auth/cordova":"https://www.gstatic.com/firebasejs/10.0.0/firebase-auth/cordova.js","functions":"https://www.gstatic.com/firebasejs/10.0.0/firebase-functions.js","firestore":"https://www.gstatic.com/firebasejs/10.0.0/firebase-firestore.js","firestore/lite":"https://www.gstatic.com/firebasejs/10.0.0/firebase-firestore/lite.js","installations":"https://www.gstatic.com/firebasejs/10.0.0/firebase-installations.js","storage":"https://www.gstatic.com/firebasejs/10.0.0/firebase-storage.js","performance":"https://www.gstatic.com/firebasejs/10.0.0/firebase-performance.js","remote-config":"https://www.gstatic.com/firebasejs/10.0.0/firebase-remote-config.js","messaging":"https://www.gstatic.com/firebasejs/10.0.0/firebase-messaging.js","messaging/sw":"https://www.gstatic.com/firebasejs/10.0.0/firebase-messaging/sw.js","database":"https://www.gstatic.com/firebasejs/10.0.0/firebase-database.js","firestore.memory":"https://www.gstatic.com/firebasejs/10.0.0/firebase-firestore.memory.js"}}
[info] +  Wrote build/index.html 
[info] 
[info] i  Detected a .git folder at C:\Users\ASHU\Desktop\react projects\mail-box 
[info] i  Authorizing with GitHub to upload your service account to a GitHub repository's secrets store. 
[info] 
[info] Visit this URL on this device to log in:
[info] https://github.com/login/oauth/authorize?client_id=89cf50f02ac6aaed3484&state=937119512&redirect_uri=http%3A%2F%2Flocalhost%3A9005&scope=read%3Auser%20repo%20public_repo
[info] 
[info] Waiting for authentication...
[debug] [2023-07-15T11:27:40.145Z] >>> [apiv2][query] POST https://github.com/login/oauth/access_token [none]
[debug] [2023-07-15T11:27:40.145Z] >>> [apiv2][body] POST https://github.com/login/oauth/access_token [stream]
[debug] [2023-07-15T11:27:40.948Z] <<< [apiv2][status] POST https://github.com/login/oauth/access_token 200
[debug] [2023-07-15T11:27:40.949Z] <<< [apiv2][body] POST https://github.com/login/oauth/access_token {"access_token":"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","token_type":"bearer","scope":"read:user,repo"}
[debug] [2023-07-15T11:27:40.991Z] >>> [apiv2][query] GET https://api.github.com/user [none]
[debug] [2023-07-15T11:27:41.652Z] <<< [apiv2][status] GET https://api.github.com/user 200
[debug] [2023-07-15T11:27:41.652Z] <<< [apiv2][body] GET https://api.github.com/user {"login":"ashishchaudhari1857","id":122347602,"node_id":"U_kgDOB0rgUg","avatar_url":"https://avatars.githubusercontent.com/u/122347602?v=4","gravatar_id":"","url":"https://api.github.com/users/ashishchaudhari1857","html_url":"https://github.com/ashishchaudhari1857","followers_url":"https://api.github.com/users/ashishchaudhari1857/followers","following_url":"https://api.github.com/users/ashishchaudhari1857/following{/other_user}","gists_url":"https://api.github.com/users/ashishchaudhari1857/gists{/gist_id}","starred_url":"https://api.github.com/users/ashishchaudhari1857/starred{/owner}{/repo}","subscriptions_url":"https://api.github.com/users/ashishchaudhari1857/subscriptions","organizations_url":"https://api.github.com/users/ashishchaudhari1857/orgs","repos_url":"https://api.github.com/users/ashishchaudhari1857/repos","events_url":"https://api.github.com/users/ashishchaudhari1857/events{/privacy}","received_events_url":"https://api.github.com/users/ashishchaudhari1857/received_events","type":"User","site_admin":false,"name":"Ashish Chaudhari","company":null,"blog":"","location":"Nanded","email":null,"hireable":null,"bio":"\"Hard work beats talent when talent doesn't work hard.\" \r\n","twitter_username":null,"public_repos":38,"public_gists":0,"followers":0,"following":0,"created_at":"2023-01-10T07:43:27Z","updated_at":"2023-04-08T18:37:21Z","private_gists":0,"total_private_repos":4,"owned_private_repos":4,"disk_usage":15952,"collaborators":0,"two_factor_authentication":false,"plan":{"name":"free","space":976562499,"collaborators":0,"private_repos":10000}}
[info] 
[info] +  Success! Logged into GitHub as ashishchaudhari1857 
[info] 
[debug] [2023-07-15T11:30:41.701Z] >>> [apiv2][query] GET https://api.github.com/repos/  ashish   chaudhaeri/actions/secrets/public-key type=owner
[debug] [2023-07-15T11:30:42.611Z] <<< [apiv2][status] GET https://api.github.com/repos/  ashish   chaudhaeri/actions/secrets/public-key 404
[debug] [2023-07-15T11:30:42.612Z] <<< [apiv2][body] GET https://api.github.com/repos/  ashish   chaudhaeri/actions/secrets/public-key {"message":"Not Found","documentation_url":"https://docs.github.com/rest"}
[info] 
[info] 
[error] !  The provided authorization cannot be used with this repository. If this repository is in an organization, did you remember to grant access? 
[info] 
[info] i  Action required: Visit this URL to ensure access has been granted to the appropriate organization(s) for the Firebase CLI GitHub OAuth App: 
[info] https://github.com/settings/connections/applications/89cf50f02ac6aaed3484
[info] 
[debug] [2023-07-15T11:30:45.677Z] >>> [apiv2][query] GET https://api.github.com/repos/  ashish   chaudhaeri/actions/secrets/public-key type=owner
[debug] [2023-07-15T11:30:46.296Z] <<< [apiv2][status] GET https://api.github.com/repos/  ashish   chaudhaeri/actions/secrets/public-key 404
[debug] [2023-07-15T11:30:46.300Z] <<< [apiv2][body] GET https://api.github.com/repos/  ashish   chaudhaeri/actions/secrets/public-key {"message":"Not Found","documentation_url":"https://docs.github.com/rest"}
[info] 
[info] 
[error] !  The provided authorization cannot be used with this repository. If this repository is in an organization, did you remember to grant access? 
[info] 
[info] i  Action required: Visit this URL to ensure access has been granted to the appropriate organization(s) for the Firebase CLI GitHub OAuth App: 
[info] https://github.com/settings/connections/applications/89cf50f02ac6aaed3484
[info] 
